2026-02-03 04:16:34.908 [info] [main] Log level: Info
2026-02-03 04:16:34.908 [info] [main] Validating found git in: "git"
2026-02-03 04:16:34.908 [info] [main] Using git "2.51.0" from "git"
2026-02-03 04:16:34.908 [info] [Model][doInitialScan] Initial repository scan started
2026-02-03 04:16:34.908 [info] > git rev-parse --show-toplevel [22ms]
2026-02-03 04:16:34.908 [info] fatal: detected dubious ownership in repository at '/opt/lampp/htdocs/tps-smis-2026'
To add an exception for this directory, call:

	git config --global --add safe.directory /opt/lampp/htdocs/tps-smis-2026
2026-02-03 04:16:34.908 [info] > git rev-parse --show-toplevel [8ms]
2026-02-03 04:16:34.908 [info] fatal: not a git repository (or any of the parent directories): .git
2026-02-03 04:16:34.908 [info] > git rev-parse --show-toplevel [14ms]
2026-02-03 04:16:34.908 [info] fatal: detected dubious ownership in repository at '/opt/lampp/htdocs/tps-smis-2026'
To add an exception for this directory, call:

	git config --global --add safe.directory /opt/lampp/htdocs/tps-smis-2026
2026-02-03 04:16:34.908 [info] > git rev-parse --show-toplevel [6ms]
2026-02-03 04:16:34.908 [info] fatal: detected dubious ownership in repository at '/opt/lampp/htdocs/tps-smis-2026'
To add an exception for this directory, call:

	git config --global --add safe.directory /opt/lampp/htdocs/tps-smis-2026
2026-02-03 04:16:34.908 [info] > git rev-parse --show-toplevel [17ms]
2026-02-03 04:16:34.908 [info] fatal: detected dubious ownership in repository at '/opt/lampp/htdocs/tps-smis-2026'
To add an exception for this directory, call:

	git config --global --add safe.directory /opt/lampp/htdocs/tps-smis-2026
2026-02-03 04:16:34.908 [info] > git rev-parse --show-toplevel [8ms]
2026-02-03 04:16:34.909 [info] fatal: detected dubious ownership in repository at '/opt/lampp/htdocs/tps-smis-2026'
To add an exception for this directory, call:

	git config --global --add safe.directory /opt/lampp/htdocs/tps-smis-2026
2026-02-03 04:16:34.909 [info] > git rev-parse --show-toplevel [16ms]
2026-02-03 04:16:34.909 [info] fatal: detected dubious ownership in repository at '/opt/lampp/htdocs/tps-smis-2026'
To add an exception for this directory, call:

	git config --global --add safe.directory /opt/lampp/htdocs/tps-smis-2026
2026-02-03 04:16:34.909 [info] > git rev-parse --show-toplevel [11ms]
2026-02-03 04:16:34.909 [info] fatal: detected dubious ownership in repository at '/opt/lampp/htdocs/tps-smis-2026'
To add an exception for this directory, call:

	git config --global --add safe.directory /opt/lampp/htdocs/tps-smis-2026
2026-02-03 04:16:34.909 [info] > git rev-parse --show-toplevel [18ms]
2026-02-03 04:16:34.909 [info] fatal: detected dubious ownership in repository at '/opt/lampp/htdocs/tps-smis-2026'
To add an exception for this directory, call:

	git config --global --add safe.directory /opt/lampp/htdocs/tps-smis-2026
2026-02-03 04:16:34.909 [info] > git rev-parse --show-toplevel [17ms]
2026-02-03 04:16:34.909 [info] fatal: detected dubious ownership in repository at '/opt/lampp/htdocs/tps-smis-2026'
To add an exception for this directory, call:

	git config --global --add safe.directory /opt/lampp/htdocs/tps-smis-2026
2026-02-03 04:16:34.909 [info] > git rev-parse --show-toplevel [10ms]
2026-02-03 04:16:34.909 [info] fatal: detected dubious ownership in repository at '/opt/lampp/htdocs/tps-smis-2026'
To add an exception for this directory, call:

	git config --global --add safe.directory /opt/lampp/htdocs/tps-smis-2026
2026-02-03 04:16:34.909 [info] > git rev-parse --show-toplevel [13ms]
2026-02-03 04:16:34.909 [info] fatal: detected dubious ownership in repository at '/opt/lampp/htdocs/tps-smis-2026'
To add an exception for this directory, call:

	git config --global --add safe.directory /opt/lampp/htdocs/tps-smis-2026
2026-02-03 04:16:34.917 [info] > git rev-parse --show-toplevel [13ms]
2026-02-03 04:16:34.917 [info] fatal: detected dubious ownership in repository at '/opt/lampp/htdocs/tps-smis-2026'
To add an exception for this directory, call:

	git config --global --add safe.directory /opt/lampp/htdocs/tps-smis-2026
2026-02-03 04:16:34.934 [info] > git rev-parse --show-toplevel [5ms]
2026-02-03 04:16:34.934 [info] fatal: detected dubious ownership in repository at '/opt/lampp/htdocs/tps-smis-2026'
To add an exception for this directory, call:

	git config --global --add safe.directory /opt/lampp/htdocs/tps-smis-2026
2026-02-03 04:16:34.951 [info] > git rev-parse --show-toplevel [7ms]
2026-02-03 04:16:34.951 [info] fatal: not a git repository (or any of the parent directories): .git
2026-02-03 04:16:34.962 [info] > git rev-parse --show-toplevel [3ms]
2026-02-03 04:16:34.962 [info] fatal: not a git repository (or any of the parent directories): .git
2026-02-03 04:16:34.975 [info] > git rev-parse --show-toplevel [5ms]
2026-02-03 04:16:34.975 [info] fatal: not a git repository (or any of the parent directories): .git
2026-02-03 04:16:34.993 [info] > git rev-parse --show-toplevel [6ms]
2026-02-03 04:16:34.993 [info] fatal: not a git repository (or any of the parent directories): .git
2026-02-03 04:16:35.005 [info] > git rev-parse --show-toplevel [3ms]
2026-02-03 04:16:35.005 [info] fatal: not a git repository (or any of the parent directories): .git
2026-02-03 04:16:35.019 [info] > git rev-parse --show-toplevel [5ms]
2026-02-03 04:16:35.019 [info] fatal: not a git repository (or any of the parent directories): .git
2026-02-03 04:16:35.033 [info] > git rev-parse --show-toplevel [3ms]
2026-02-03 04:16:35.033 [info] fatal: not a git repository (or any of the parent directories): .git
2026-02-03 04:16:35.050 [info] > git rev-parse --show-toplevel [2ms]
2026-02-03 04:16:35.050 [info] fatal: not a git repository (or any of the parent directories): .git
2026-02-03 04:16:35.068 [info] > git rev-parse --show-toplevel [3ms]
2026-02-03 04:16:35.068 [info] fatal: not a git repository (or any of the parent directories): .git
2026-02-03 04:16:35.088 [info] > git rev-parse --show-toplevel [7ms]
2026-02-03 04:16:35.088 [info] fatal: not a git repository (or any of the parent directories): .git
2026-02-03 04:16:35.104 [info] > git rev-parse --show-toplevel [5ms]
2026-02-03 04:16:35.104 [info] fatal: not a git repository (or any of the parent directories): .git
2026-02-03 04:16:35.125 [info] > git rev-parse --show-toplevel [3ms]
2026-02-03 04:16:35.125 [info] fatal: not a git repository (or any of the parent directories): .git
2026-02-03 04:16:35.146 [info] > git rev-parse --show-toplevel [11ms]
2026-02-03 04:16:35.146 [info] fatal: not a git repository (or any of the parent directories): .git
2026-02-03 04:16:35.170 [info] > git rev-parse --show-toplevel [12ms]
2026-02-03 04:16:35.170 [info] fatal: not a git repository (or any of the parent directories): .git
2026-02-03 04:16:35.181 [info] > git rev-parse --show-toplevel [1ms]
2026-02-03 04:16:35.181 [info] fatal: not a git repository (or any of the parent directories): .git
2026-02-03 04:16:35.193 [info] > git rev-parse --show-toplevel [3ms]
2026-02-03 04:16:35.193 [info] fatal: not a git repository (or any of the parent directories): .git
2026-02-03 04:16:35.211 [info] > git rev-parse --show-toplevel [5ms]
2026-02-03 04:16:35.211 [info] fatal: not a git repository (or any of the parent directories): .git
2026-02-03 04:16:35.225 [info] > git rev-parse --show-toplevel [1ms]
2026-02-03 04:16:35.225 [info] fatal: not a git repository (or any of the parent directories): .git
2026-02-03 04:16:35.239 [info] [Model][doInitialScan] Initial repository scan completed - repositories (0), closed repositories (0), parent repositories (0), unsafe repositories (1)
2026-02-03 04:16:36.562 [info] > git rev-parse --show-toplevel [77ms]
2026-02-03 04:16:36.562 [info] fatal: detected dubious ownership in repository at '/opt/lampp/htdocs/tps-smis-2026'
To add an exception for this directory, call:

	git config --global --add safe.directory /opt/lampp/htdocs/tps-smis-2026
2026-02-03 04:16:36.588 [info] > git rev-parse --show-toplevel [4ms]
2026-02-03 04:16:36.588 [info] fatal: not a git repository (or any of the parent directories): .git
2026-02-03 04:16:36.657 [info] > git rev-parse --show-toplevel [2ms]
2026-02-03 04:16:36.657 [info] fatal: detected dubious ownership in repository at '/opt/lampp/htdocs/tps-smis-2026'
To add an exception for this directory, call:

	git config --global --add safe.directory /opt/lampp/htdocs/tps-smis-2026
2026-02-03 04:16:36.738 [info] > git rev-parse --show-toplevel [13ms]
2026-02-03 04:16:36.738 [info] fatal: not a git repository (or any of the parent directories): .git
2026-02-03 04:16:37.647 [info] > git rev-parse --show-toplevel [9ms]
2026-02-03 04:16:37.647 [info] fatal: detected dubious ownership in repository at '/opt/lampp/htdocs/tps-smis-2026'
To add an exception for this directory, call:

	git config --global --add safe.directory /opt/lampp/htdocs/tps-smis-2026
2026-02-03 04:16:37.805 [info] > git rev-parse --show-toplevel [36ms]
2026-02-03 04:16:37.806 [info] fatal: not a git repository (or any of the parent directories): .git
2026-02-03 04:16:40.033 [info] > git rev-parse --show-toplevel [219ms]
2026-02-03 04:16:40.033 [info] fatal: detected dubious ownership in repository at '/opt/lampp/htdocs/tps-smis-2026'
To add an exception for this directory, call:

	git config --global --add safe.directory /opt/lampp/htdocs/tps-smis-2026
2026-02-03 04:16:40.124 [info] > git rev-parse --show-toplevel [22ms]
2026-02-03 04:16:40.124 [info] fatal: not a git repository (or any of the parent directories): .git
2026-02-03 04:16:40.643 [info] > git rev-parse --show-toplevel [4ms]
2026-02-03 04:16:40.643 [info] fatal: detected dubious ownership in repository at '/opt/lampp/htdocs/tps-smis-2026'
To add an exception for this directory, call:

	git config --global --add safe.directory /opt/lampp/htdocs/tps-smis-2026
2026-02-03 04:16:40.709 [info] > git rev-parse --show-toplevel [4ms]
2026-02-03 04:16:40.709 [info] fatal: not a git repository (or any of the parent directories): .git
2026-02-03 04:16:41.297 [info] > git rev-parse --show-toplevel [17ms]
2026-02-03 04:16:41.297 [info] fatal: detected dubious ownership in repository at '/opt/lampp/htdocs/tps-smis-2026'
To add an exception for this directory, call:

	git config --global --add safe.directory /opt/lampp/htdocs/tps-smis-2026
2026-02-03 04:16:41.332 [info] > git rev-parse --show-toplevel [4ms]
2026-02-03 04:16:41.332 [info] fatal: not a git repository (or any of the parent directories): .git
2026-02-03 04:30:17.171 [info] > git rev-parse --show-toplevel [3ms]
2026-02-03 04:30:17.172 [info] fatal: detected dubious ownership in repository at '/opt/lampp/htdocs/tps-smis-2026'
To add an exception for this directory, call:

	git config --global --add safe.directory /opt/lampp/htdocs/tps-smis-2026
2026-02-03 04:30:22.697 [info] > git rev-parse --show-toplevel [5ms]
2026-02-03 04:30:22.697 [info] fatal: detected dubious ownership in repository at '/opt/lampp/htdocs/tps-smis-2026'
To add an exception for this directory, call:

	git config --global --add safe.directory /opt/lampp/htdocs/tps-smis-2026
2026-02-03 04:30:28.838 [info] > git rev-parse --show-toplevel [3ms]
2026-02-03 04:30:28.838 [info] fatal: detected dubious ownership in repository at '/opt/lampp/htdocs/tps-smis-2026'
To add an exception for this directory, call:

	git config --global --add safe.directory /opt/lampp/htdocs/tps-smis-2026
2026-02-03 04:31:07.285 [info] > git rev-parse --show-toplevel [3ms]
2026-02-03 04:31:07.285 [info] fatal: detected dubious ownership in repository at '/opt/lampp/htdocs/tps-smis-2026'
To add an exception for this directory, call:

	git config --global --add safe.directory /opt/lampp/htdocs/tps-smis-2026
2026-02-03 04:31:32.614 [info] > git rev-parse --show-toplevel [5ms]
2026-02-03 04:31:32.615 [info] fatal: detected dubious ownership in repository at '/opt/lampp/htdocs/tps-smis-2026'
To add an exception for this directory, call:

	git config --global --add safe.directory /opt/lampp/htdocs/tps-smis-2026
2026-02-03 04:31:37.113 [info] > git rev-parse --show-toplevel [9ms]
2026-02-03 04:31:37.113 [info] fatal: detected dubious ownership in repository at '/opt/lampp/htdocs/tps-smis-2026'
To add an exception for this directory, call:

	git config --global --add safe.directory /opt/lampp/htdocs/tps-smis-2026
2026-02-03 04:31:49.587 [info] > git rev-parse --show-toplevel [6ms]
2026-02-03 04:31:49.587 [info] fatal: detected dubious ownership in repository at '/opt/lampp/htdocs/tps-smis-2026'
To add an exception for this directory, call:

	git config --global --add safe.directory /opt/lampp/htdocs/tps-smis-2026
2026-02-03 04:32:40.605 [info] > git rev-parse --show-toplevel [5ms]
2026-02-03 04:32:40.606 [info] fatal: detected dubious ownership in repository at '/opt/lampp/htdocs/tps-smis-2026'
To add an exception for this directory, call:

	git config --global --add safe.directory /opt/lampp/htdocs/tps-smis-2026
2026-02-03 04:36:54.797 [info] > git rev-parse --show-toplevel [3ms]
2026-02-03 04:36:54.797 [info] fatal: detected dubious ownership in repository at '/opt/lampp/htdocs/tps-smis-2026'
To add an exception for this directory, call:

	git config --global --add safe.directory /opt/lampp/htdocs/tps-smis-2026
2026-02-03 04:39:47.574 [info] > git rev-parse --show-toplevel [5ms]
2026-02-03 04:39:47.574 [info] fatal: detected dubious ownership in repository at '/opt/lampp/htdocs/tps-smis-2026'
To add an exception for this directory, call:

	git config --global --add safe.directory /opt/lampp/htdocs/tps-smis-2026
2026-02-03 04:46:05.684 [info] > git rev-parse --show-toplevel [4ms]
2026-02-03 04:46:05.684 [info] fatal: detected dubious ownership in repository at '/opt/lampp/htdocs/tps-smis-2026'
To add an exception for this directory, call:

	git config --global --add safe.directory /opt/lampp/htdocs/tps-smis-2026
2026-02-03 04:55:31.691 [info] > git rev-parse --show-toplevel [3ms]
2026-02-03 04:55:31.710 [info] fatal: detected dubious ownership in repository at '/opt/lampp/htdocs/tps-smis-2026'
To add an exception for this directory, call:

	git config --global --add safe.directory /opt/lampp/htdocs/tps-smis-2026
